[28-Jul-2023 02:58:34 UTC] PHP Warning:  Undefined array key "HTTP_AUTHORIZATION" in /Users/macbookpro/Local Sites/quickbooking/app/public/wp-content/plugins/jwt-authentication-for-wp-rest-api/public/class-jwt-auth-public.php on line 222
[28-Jul-2023 02:58:34 UTC] PHP Warning:  Undefined array key "REDIRECT_HTTP_AUTHORIZATION" in /Users/macbookpro/Local Sites/quickbooking/app/public/wp-content/plugins/jwt-authentication-for-wp-rest-api/public/class-jwt-auth-public.php on line 225
[28-Jul-2023 03:02:21 UTC] PHP Warning:  Undefined array key "HTTP_AUTHORIZATION" in /Users/macbookpro/Local Sites/quickbooking/app/public/wp-content/plugins/jwt-authentication-for-wp-rest-api/public/class-jwt-auth-public.php on line 222
[28-Jul-2023 03:02:21 UTC] PHP Warning:  Undefined array key "REDIRECT_HTTP_AUTHORIZATION" in /Users/macbookpro/Local Sites/quickbooking/app/public/wp-content/plugins/jwt-authentication-for-wp-rest-api/public/class-jwt-auth-public.php on line 225
[28-Jul-2023 03:02:54 UTC] PHP Warning:  Undefined array key "HTTP_AUTHORIZATION" in /Users/macbookpro/Local Sites/quickbooking/app/public/wp-content/plugins/jwt-authentication-for-wp-rest-api/public/class-jwt-auth-public.php on line 222
[28-Jul-2023 03:02:54 UTC] PHP Warning:  Undefined array key "REDIRECT_HTTP_AUTHORIZATION" in /Users/macbookpro/Local Sites/quickbooking/app/public/wp-content/plugins/jwt-authentication-for-wp-rest-api/public/class-jwt-auth-public.php on line 225
[28-Jul-2023 03:03:29 UTC] PHP Warning:  Undefined array key "HTTP_AUTHORIZATION" in /Users/macbookpro/Local Sites/quickbooking/app/public/wp-content/plugins/jwt-authentication-for-wp-rest-api/public/class-jwt-auth-public.php on line 222
[28-Jul-2023 03:03:29 UTC] PHP Warning:  Undefined array key "REDIRECT_HTTP_AUTHORIZATION" in /Users/macbookpro/Local Sites/quickbooking/app/public/wp-content/plugins/jwt-authentication-for-wp-rest-api/public/class-jwt-auth-public.php on line 225
[28-Jul-2023 03:11:28 UTC] PHP Warning:  Undefined array key "HTTP_AUTHORIZATION" in /Users/macbookpro/Local Sites/quickbooking/app/public/wp-content/plugins/jwt-authentication-for-wp-rest-api/public/class-jwt-auth-public.php on line 222
[28-Jul-2023 03:11:28 UTC] PHP Warning:  Undefined array key "REDIRECT_HTTP_AUTHORIZATION" in /Users/macbookpro/Local Sites/quickbooking/app/public/wp-content/plugins/jwt-authentication-for-wp-rest-api/public/class-jwt-auth-public.php on line 225
[28-Jul-2023 03:11:36 UTC] PHP Warning:  Undefined array key "HTTP_AUTHORIZATION" in /Users/macbookpro/Local Sites/quickbooking/app/public/wp-content/plugins/jwt-authentication-for-wp-rest-api/public/class-jwt-auth-public.php on line 222
[28-Jul-2023 03:11:36 UTC] PHP Warning:  Undefined array key "REDIRECT_HTTP_AUTHORIZATION" in /Users/macbookpro/Local Sites/quickbooking/app/public/wp-content/plugins/jwt-authentication-for-wp-rest-api/public/class-jwt-auth-public.php on line 225
[28-Jul-2023 03:13:12 UTC] PHP Warning:  Undefined array key "HTTP_AUTHORIZATION" in /Users/macbookpro/Local Sites/quickbooking/app/public/wp-content/plugins/jwt-authentication-for-wp-rest-api/public/class-jwt-auth-public.php on line 222
[28-Jul-2023 03:13:12 UTC] PHP Warning:  Undefined array key "REDIRECT_HTTP_AUTHORIZATION" in /Users/macbookpro/Local Sites/quickbooking/app/public/wp-content/plugins/jwt-authentication-for-wp-rest-api/public/class-jwt-auth-public.php on line 225
[28-Jul-2023 03:13:25 UTC] PHP Warning:  Undefined array key "HTTP_AUTHORIZATION" in /Users/macbookpro/Local Sites/quickbooking/app/public/wp-content/plugins/jwt-authentication-for-wp-rest-api/public/class-jwt-auth-public.php on line 222
[28-Jul-2023 03:13:25 UTC] PHP Warning:  Undefined array key "REDIRECT_HTTP_AUTHORIZATION" in /Users/macbookpro/Local Sites/quickbooking/app/public/wp-content/plugins/jwt-authentication-for-wp-rest-api/public/class-jwt-auth-public.php on line 225
[28-Jul-2023 03:17:24 UTC] PHP Warning:  Undefined array key "HTTP_AUTHORIZATION" in /Users/macbookpro/Local Sites/quickbooking/app/public/wp-content/plugins/jwt-authentication-for-wp-rest-api/public/class-jwt-auth-public.php on line 222
[28-Jul-2023 03:17:24 UTC] PHP Warning:  Undefined array key "REDIRECT_HTTP_AUTHORIZATION" in /Users/macbookpro/Local Sites/quickbooking/app/public/wp-content/plugins/jwt-authentication-for-wp-rest-api/public/class-jwt-auth-public.php on line 225
[28-Jul-2023 03:17:45 UTC] PHP Warning:  Undefined array key "HTTP_AUTHORIZATION" in /Users/macbookpro/Local Sites/quickbooking/app/public/wp-content/plugins/jwt-authentication-for-wp-rest-api/public/class-jwt-auth-public.php on line 222
[28-Jul-2023 03:17:45 UTC] PHP Warning:  Undefined array key "REDIRECT_HTTP_AUTHORIZATION" in /Users/macbookpro/Local Sites/quickbooking/app/public/wp-content/plugins/jwt-authentication-for-wp-rest-api/public/class-jwt-auth-public.php on line 225
[28-Jul-2023 03:39:38 UTC] PHP Warning:  Undefined array key "HTTP_AUTHORIZATION" in /Users/macbookpro/Local Sites/quickbooking/app/public/wp-content/plugins/jwt-authentication-for-wp-rest-api/public/class-jwt-auth-public.php on line 222
[28-Jul-2023 03:39:38 UTC] PHP Warning:  Undefined array key "REDIRECT_HTTP_AUTHORIZATION" in /Users/macbookpro/Local Sites/quickbooking/app/public/wp-content/plugins/jwt-authentication-for-wp-rest-api/public/class-jwt-auth-public.php on line 225
[28-Jul-2023 03:42:29 UTC] PHP Warning:  Undefined array key "HTTP_AUTHORIZATION" in /Users/macbookpro/Local Sites/quickbooking/app/public/wp-content/plugins/jwt-authentication-for-wp-rest-api/public/class-jwt-auth-public.php on line 222
[28-Jul-2023 03:42:29 UTC] PHP Warning:  Undefined array key "REDIRECT_HTTP_AUTHORIZATION" in /Users/macbookpro/Local Sites/quickbooking/app/public/wp-content/plugins/jwt-authentication-for-wp-rest-api/public/class-jwt-auth-public.php on line 225
[28-Jul-2023 03:42:45 UTC] PHP Warning:  Undefined array key "HTTP_AUTHORIZATION" in /Users/macbookpro/Local Sites/quickbooking/app/public/wp-content/plugins/jwt-authentication-for-wp-rest-api/public/class-jwt-auth-public.php on line 222
[28-Jul-2023 03:42:45 UTC] PHP Warning:  Undefined array key "REDIRECT_HTTP_AUTHORIZATION" in /Users/macbookpro/Local Sites/quickbooking/app/public/wp-content/plugins/jwt-authentication-for-wp-rest-api/public/class-jwt-auth-public.php on line 225
[28-Jul-2023 03:43:29 UTC] PHP Warning:  Undefined array key "HTTP_AUTHORIZATION" in /Users/macbookpro/Local Sites/quickbooking/app/public/wp-content/plugins/jwt-authentication-for-wp-rest-api/public/class-jwt-auth-public.php on line 222
[28-Jul-2023 03:43:29 UTC] PHP Warning:  Undefined array key "REDIRECT_HTTP_AUTHORIZATION" in /Users/macbookpro/Local Sites/quickbooking/app/public/wp-content/plugins/jwt-authentication-for-wp-rest-api/public/class-jwt-auth-public.php on line 225
[28-Jul-2023 03:45:56 UTC] PHP Warning:  Undefined array key "HTTP_AUTHORIZATION" in /Users/macbookpro/Local Sites/quickbooking/app/public/wp-content/plugins/jwt-authentication-for-wp-rest-api/public/class-jwt-auth-public.php on line 222
[28-Jul-2023 03:45:56 UTC] PHP Warning:  Undefined array key "REDIRECT_HTTP_AUTHORIZATION" in /Users/macbookpro/Local Sites/quickbooking/app/public/wp-content/plugins/jwt-authentication-for-wp-rest-api/public/class-jwt-auth-public.php on line 225
[28-Jul-2023 03:49:52 UTC] PHP Warning:  Undefined array key "HTTP_AUTHORIZATION" in /Users/macbookpro/Local Sites/quickbooking/app/public/wp-content/plugins/jwt-authentication-for-wp-rest-api/public/class-jwt-auth-public.php on line 222
[28-Jul-2023 03:49:52 UTC] PHP Warning:  Undefined array key "REDIRECT_HTTP_AUTHORIZATION" in /Users/macbookpro/Local Sites/quickbooking/app/public/wp-content/plugins/jwt-authentication-for-wp-rest-api/public/class-jwt-auth-public.php on line 225
[28-Jul-2023 03:52:10 UTC] PHP Warning:  Undefined array key "HTTP_AUTHORIZATION" in /Users/macbookpro/Local Sites/quickbooking/app/public/wp-content/plugins/jwt-authentication-for-wp-rest-api/public/class-jwt-auth-public.php on line 222
[28-Jul-2023 03:52:10 UTC] PHP Warning:  Undefined array key "REDIRECT_HTTP_AUTHORIZATION" in /Users/macbookpro/Local Sites/quickbooking/app/public/wp-content/plugins/jwt-authentication-for-wp-rest-api/public/class-jwt-auth-public.php on line 225
[28-Jul-2023 03:52:20 UTC] PHP Warning:  Undefined array key "HTTP_AUTHORIZATION" in /Users/macbookpro/Local Sites/quickbooking/app/public/wp-content/plugins/jwt-authentication-for-wp-rest-api/public/class-jwt-auth-public.php on line 222
[28-Jul-2023 03:52:20 UTC] PHP Warning:  Undefined array key "REDIRECT_HTTP_AUTHORIZATION" in /Users/macbookpro/Local Sites/quickbooking/app/public/wp-content/plugins/jwt-authentication-for-wp-rest-api/public/class-jwt-auth-public.php on line 225
[28-Jul-2023 03:52:56 UTC] PHP Warning:  Undefined array key "HTTP_AUTHORIZATION" in /Users/macbookpro/Local Sites/quickbooking/app/public/wp-content/plugins/jwt-authentication-for-wp-rest-api/public/class-jwt-auth-public.php on line 222
[28-Jul-2023 03:52:56 UTC] PHP Warning:  Undefined array key "REDIRECT_HTTP_AUTHORIZATION" in /Users/macbookpro/Local Sites/quickbooking/app/public/wp-content/plugins/jwt-authentication-for-wp-rest-api/public/class-jwt-auth-public.php on line 225
[28-Jul-2023 03:53:20 UTC] PHP Warning:  Undefined array key "HTTP_AUTHORIZATION" in /Users/macbookpro/Local Sites/quickbooking/app/public/wp-content/plugins/jwt-authentication-for-wp-rest-api/public/class-jwt-auth-public.php on line 222
[28-Jul-2023 03:53:20 UTC] PHP Warning:  Undefined array key "REDIRECT_HTTP_AUTHORIZATION" in /Users/macbookpro/Local Sites/quickbooking/app/public/wp-content/plugins/jwt-authentication-for-wp-rest-api/public/class-jwt-auth-public.php on line 225
[28-Jul-2023 03:53:25 UTC] PHP Warning:  Undefined array key "HTTP_AUTHORIZATION" in /Users/macbookpro/Local Sites/quickbooking/app/public/wp-content/plugins/jwt-authentication-for-wp-rest-api/public/class-jwt-auth-public.php on line 222
[28-Jul-2023 03:53:25 UTC] PHP Warning:  Undefined array key "REDIRECT_HTTP_AUTHORIZATION" in /Users/macbookpro/Local Sites/quickbooking/app/public/wp-content/plugins/jwt-authentication-for-wp-rest-api/public/class-jwt-auth-public.php on line 225
[28-Jul-2023 03:53:34 UTC] PHP Warning:  Undefined array key "HTTP_AUTHORIZATION" in /Users/macbookpro/Local Sites/quickbooking/app/public/wp-content/plugins/jwt-authentication-for-wp-rest-api/public/class-jwt-auth-public.php on line 222
[28-Jul-2023 03:53:34 UTC] PHP Warning:  Undefined array key "REDIRECT_HTTP_AUTHORIZATION" in /Users/macbookpro/Local Sites/quickbooking/app/public/wp-content/plugins/jwt-authentication-for-wp-rest-api/public/class-jwt-auth-public.php on line 225
[28-Jul-2023 03:53:35 UTC] PHP Warning:  Undefined array key "HTTP_AUTHORIZATION" in /Users/macbookpro/Local Sites/quickbooking/app/public/wp-content/plugins/jwt-authentication-for-wp-rest-api/public/class-jwt-auth-public.php on line 222
[28-Jul-2023 03:53:35 UTC] PHP Warning:  Undefined array key "REDIRECT_HTTP_AUTHORIZATION" in /Users/macbookpro/Local Sites/quickbooking/app/public/wp-content/plugins/jwt-authentication-for-wp-rest-api/public/class-jwt-auth-public.php on line 225
[28-Jul-2023 03:56:34 UTC] PHP Warning:  Undefined array key "HTTP_AUTHORIZATION" in /Users/macbookpro/Local Sites/quickbooking/app/public/wp-content/plugins/jwt-authentication-for-wp-rest-api/public/class-jwt-auth-public.php on line 222
[28-Jul-2023 03:56:34 UTC] PHP Warning:  Undefined array key "REDIRECT_HTTP_AUTHORIZATION" in /Users/macbookpro/Local Sites/quickbooking/app/public/wp-content/plugins/jwt-authentication-for-wp-rest-api/public/class-jwt-auth-public.php on line 225
[28-Jul-2023 03:58:22 UTC] PHP Warning:  Undefined array key "HTTP_AUTHORIZATION" in /Users/macbookpro/Local Sites/quickbooking/app/public/wp-content/plugins/jwt-authentication-for-wp-rest-api/public/class-jwt-auth-public.php on line 222
[28-Jul-2023 03:58:22 UTC] PHP Warning:  Undefined array key "REDIRECT_HTTP_AUTHORIZATION" in /Users/macbookpro/Local Sites/quickbooking/app/public/wp-content/plugins/jwt-authentication-for-wp-rest-api/public/class-jwt-auth-public.php on line 225
[28-Jul-2023 04:00:16 UTC] PHP Warning:  Constant WP_DEBUG already defined in /Users/macbookpro/Local Sites/quickbooking/app/public/wp-config.php on line 85
[28-Jul-2023 04:00:18 UTC] PHP Warning:  Constant WP_DEBUG already defined in /Users/macbookpro/Local Sites/quickbooking/app/public/wp-config.php on line 85
[28-Jul-2023 04:00:36 UTC] PHP Warning:  Constant WP_DEBUG already defined in /Users/macbookpro/Local Sites/quickbooking/app/public/wp-config.php on line 85
[28-Jul-2023 04:00:36 UTC] PHP Warning:  Undefined array key "HTTP_AUTHORIZATION" in /Users/macbookpro/Local Sites/quickbooking/app/public/wp-content/plugins/jwt-authentication-for-wp-rest-api/public/class-jwt-auth-public.php on line 222
[28-Jul-2023 04:00:36 UTC] PHP Warning:  Undefined array key "REDIRECT_HTTP_AUTHORIZATION" in /Users/macbookpro/Local Sites/quickbooking/app/public/wp-content/plugins/jwt-authentication-for-wp-rest-api/public/class-jwt-auth-public.php on line 225
[28-Jul-2023 04:01:15 UTC] PHP Warning:  Undefined array key "HTTP_AUTHORIZATION" in /Users/macbookpro/Local Sites/quickbooking/app/public/wp-content/plugins/jwt-authentication-for-wp-rest-api/public/class-jwt-auth-public.php on line 222
[28-Jul-2023 04:01:15 UTC] PHP Warning:  Undefined array key "REDIRECT_HTTP_AUTHORIZATION" in /Users/macbookpro/Local Sites/quickbooking/app/public/wp-content/plugins/jwt-authentication-for-wp-rest-api/public/class-jwt-auth-public.php on line 225
[28-Jul-2023 04:04:51 UTC] PHP Parse error:  syntax error, unexpected identifier "define" in /Users/macbookpro/Local Sites/quickbooking/app/public/wp-content/themes/twentytwentytwo/functions.php on line 13
[28-Jul-2023 04:04:51 UTC] PHP Parse error:  syntax error, unexpected identifier "define" in /Users/macbookpro/Local Sites/quickbooking/app/public/wp-content/themes/twentytwentytwo/functions.php on line 13
[28-Jul-2023 04:05:08 UTC] PHP Warning:  Undefined array key "HTTP_AUTHORIZATION" in /Users/macbookpro/Local Sites/quickbooking/app/public/wp-content/plugins/jwt-authentication-for-wp-rest-api/public/class-jwt-auth-public.php on line 222
[28-Jul-2023 04:05:08 UTC] PHP Warning:  Undefined array key "REDIRECT_HTTP_AUTHORIZATION" in /Users/macbookpro/Local Sites/quickbooking/app/public/wp-content/plugins/jwt-authentication-for-wp-rest-api/public/class-jwt-auth-public.php on line 225
[28-Jul-2023 04:05:09 UTC] PHP Warning:  Undefined array key "HTTP_AUTHORIZATION" in /Users/macbookpro/Local Sites/quickbooking/app/public/wp-content/plugins/jwt-authentication-for-wp-rest-api/public/class-jwt-auth-public.php on line 222
[28-Jul-2023 04:05:09 UTC] PHP Warning:  Undefined array key "REDIRECT_HTTP_AUTHORIZATION" in /Users/macbookpro/Local Sites/quickbooking/app/public/wp-content/plugins/jwt-authentication-for-wp-rest-api/public/class-jwt-auth-public.php on line 225
[28-Jul-2023 04:07:06 UTC] PHP Warning:  Undefined array key "HTTP_AUTHORIZATION" in /Users/macbookpro/Local Sites/quickbooking/app/public/wp-content/plugins/jwt-authentication-for-wp-rest-api/public/class-jwt-auth-public.php on line 222
[28-Jul-2023 04:07:06 UTC] PHP Warning:  Undefined array key "REDIRECT_HTTP_AUTHORIZATION" in /Users/macbookpro/Local Sites/quickbooking/app/public/wp-content/plugins/jwt-authentication-for-wp-rest-api/public/class-jwt-auth-public.php on line 225
[28-Jul-2023 04:09:46 UTC] PHP Warning:  Undefined array key "HTTP_AUTHORIZATION" in /Users/macbookpro/Local Sites/quickbooking/app/public/wp-content/plugins/jwt-authentication-for-wp-rest-api/public/class-jwt-auth-public.php on line 222
[28-Jul-2023 04:09:46 UTC] PHP Warning:  Undefined array key "REDIRECT_HTTP_AUTHORIZATION" in /Users/macbookpro/Local Sites/quickbooking/app/public/wp-content/plugins/jwt-authentication-for-wp-rest-api/public/class-jwt-auth-public.php on line 225
[28-Jul-2023 04:14:10 UTC] PHP Warning:  Undefined array key "HTTP_AUTHORIZATION" in /Users/macbookpro/Local Sites/quickbooking/app/public/wp-content/plugins/jwt-authentication-for-wp-rest-api/public/class-jwt-auth-public.php on line 222
[28-Jul-2023 04:14:16 UTC] PHP Warning:  Undefined array key "HTTP_AUTHORIZATION" in /Users/macbookpro/Local Sites/quickbooking/app/public/wp-content/plugins/jwt-authentication-for-wp-rest-api/public/class-jwt-auth-public.php on line 222
[28-Jul-2023 04:15:42 UTC] PHP Warning:  Undefined array key "HTTP_AUTHORIZATION" in /Users/macbookpro/Local Sites/quickbooking/app/public/wp-content/plugins/jwt-authentication-for-wp-rest-api/public/class-jwt-auth-public.php on line 222
[28-Jul-2023 04:40:50 UTC] PHP Warning:  include(class-jwt-auth-public.php): Failed to open stream: No such file or directory in /Users/macbookpro/Local Sites/quickbooking/app/public/wp-content/themes/twentytwentytwo/functions.php on line 13
[28-Jul-2023 04:40:50 UTC] PHP Warning:  include(): Failed opening 'class-jwt-auth-public.php' for inclusion (include_path='.:/usr/share/php:/www/wp-content/pear') in /Users/macbookpro/Local Sites/quickbooking/app/public/wp-content/themes/twentytwentytwo/functions.php on line 13
[28-Jul-2023 04:40:50 UTC] PHP Fatal error:  Uncaught ArgumentCountError: Too few arguments to function Jwt_Auth_Public::__construct(), 0 passed in /Users/macbookpro/Local Sites/quickbooking/app/public/wp-content/themes/twentytwentytwo/functions.php on line 15 and exactly 2 expected in /Users/macbookpro/Local Sites/quickbooking/app/public/wp-content/plugins/jwt-authentication-for-wp-rest-api/public/class-jwt-auth-public.php:67
Stack trace:
#0 /Users/macbookpro/Local Sites/quickbooking/app/public/wp-content/themes/twentytwentytwo/functions.php(15): Jwt_Auth_Public->__construct()
#1 /Users/macbookpro/Local Sites/quickbooking/app/public/wp-settings.php(591): include('/Users/macbookp...')
#2 /Users/macbookpro/Local Sites/quickbooking/app/public/wp-config.php(103): require_once('/Users/macbookp...')
#3 /Users/macbookpro/Local Sites/quickbooking/app/public/wp-load.php(50): require_once('/Users/macbookp...')
#4 /Users/macbookpro/Local Sites/quickbooking/app/public/wp-admin/admin-ajax.php(22): require_once('/Users/macbookp...')
#5 {main}
  thrown in /Users/macbookpro/Local Sites/quickbooking/app/public/wp-content/plugins/jwt-authentication-for-wp-rest-api/public/class-jwt-auth-public.php on line 67
[28-Jul-2023 04:40:51 UTC] PHP Warning:  include(class-jwt-auth-public.php): Failed to open stream: No such file or directory in /Users/macbookpro/Local Sites/quickbooking/app/public/wp-content/themes/twentytwentytwo/functions.php on line 13
[28-Jul-2023 04:40:51 UTC] PHP Warning:  include(): Failed opening 'class-jwt-auth-public.php' for inclusion (include_path='.:/usr/share/php:/www/wp-content/pear') in /Users/macbookpro/Local Sites/quickbooking/app/public/wp-content/themes/twentytwentytwo/functions.php on line 13
[28-Jul-2023 04:40:51 UTC] PHP Fatal error:  Uncaught ArgumentCountError: Too few arguments to function Jwt_Auth_Public::__construct(), 0 passed in /Users/macbookpro/Local Sites/quickbooking/app/public/wp-content/themes/twentytwentytwo/functions.php on line 15 and exactly 2 expected in /Users/macbookpro/Local Sites/quickbooking/app/public/wp-content/plugins/jwt-authentication-for-wp-rest-api/public/class-jwt-auth-public.php:67
Stack trace:
#0 /Users/macbookpro/Local Sites/quickbooking/app/public/wp-content/themes/twentytwentytwo/functions.php(15): Jwt_Auth_Public->__construct()
#1 /Users/macbookpro/Local Sites/quickbooking/app/public/wp-settings.php(591): include('/Users/macbookp...')
#2 /Users/macbookpro/Local Sites/quickbooking/app/public/wp-config.php(103): require_once('/Users/macbookp...')
#3 /Users/macbookpro/Local Sites/quickbooking/app/public/wp-load.php(50): require_once('/Users/macbookp...')
#4 /Users/macbookpro/Local Sites/quickbooking/app/public/wp-admin/admin-ajax.php(22): require_once('/Users/macbookp...')
#5 {main}
  thrown in /Users/macbookpro/Local Sites/quickbooking/app/public/wp-content/plugins/jwt-authentication-for-wp-rest-api/public/class-jwt-auth-public.php on line 67
[28-Jul-2023 04:40:55 UTC] PHP Warning:  include(class-jwt-auth-public.php): Failed to open stream: No such file or directory in /Users/macbookpro/Local Sites/quickbooking/app/public/wp-content/themes/twentytwentytwo/functions.php on line 13
[28-Jul-2023 04:40:55 UTC] PHP Warning:  include(): Failed opening 'class-jwt-auth-public.php' for inclusion (include_path='.:/usr/share/php:/www/wp-content/pear') in /Users/macbookpro/Local Sites/quickbooking/app/public/wp-content/themes/twentytwentytwo/functions.php on line 13
[28-Jul-2023 04:40:56 UTC] PHP Fatal error:  Uncaught ArgumentCountError: Too few arguments to function Jwt_Auth_Public::__construct(), 0 passed in /Users/macbookpro/Local Sites/quickbooking/app/public/wp-content/themes/twentytwentytwo/functions.php on line 15 and exactly 2 expected in /Users/macbookpro/Local Sites/quickbooking/app/public/wp-content/plugins/jwt-authentication-for-wp-rest-api/public/class-jwt-auth-public.php:67
Stack trace:
#0 /Users/macbookpro/Local Sites/quickbooking/app/public/wp-content/themes/twentytwentytwo/functions.php(15): Jwt_Auth_Public->__construct()
#1 /Users/macbookpro/Local Sites/quickbooking/app/public/wp-settings.php(591): include('/Users/macbookp...')
#2 /Users/macbookpro/Local Sites/quickbooking/app/public/wp-config.php(103): require_once('/Users/macbookp...')
#3 /Users/macbookpro/Local Sites/quickbooking/app/public/wp-load.php(50): require_once('/Users/macbookp...')
#4 /Users/macbookpro/Local Sites/quickbooking/app/public/wp-admin/admin.php(34): require_once('/Users/macbookp...')
#5 /Users/macbookpro/Local Sites/quickbooking/app/public/wp-admin/plugin-install.php(16): require_once('/Users/macbookp...')
#6 {main}
  thrown in /Users/macbookpro/Local Sites/quickbooking/app/public/wp-content/plugins/jwt-authentication-for-wp-rest-api/public/class-jwt-auth-public.php on line 67
[28-Jul-2023 04:40:56 UTC] PHP Warning:  include(class-jwt-auth-public.php): Failed to open stream: No such file or directory in /Users/macbookpro/Local Sites/quickbooking/app/public/wp-content/themes/twentytwentytwo/functions.php on line 13
[28-Jul-2023 04:40:56 UTC] PHP Warning:  include(): Failed opening 'class-jwt-auth-public.php' for inclusion (include_path='.:/usr/share/php:/www/wp-content/pear') in /Users/macbookpro/Local Sites/quickbooking/app/public/wp-content/themes/twentytwentytwo/functions.php on line 13
[28-Jul-2023 04:40:56 UTC] PHP Fatal error:  Uncaught ArgumentCountError: Too few arguments to function Jwt_Auth_Public::__construct(), 0 passed in /Users/macbookpro/Local Sites/quickbooking/app/public/wp-content/themes/twentytwentytwo/functions.php on line 15 and exactly 2 expected in /Users/macbookpro/Local Sites/quickbooking/app/public/wp-content/plugins/jwt-authentication-for-wp-rest-api/public/class-jwt-auth-public.php:67
Stack trace:
#0 /Users/macbookpro/Local Sites/quickbooking/app/public/wp-content/themes/twentytwentytwo/functions.php(15): Jwt_Auth_Public->__construct()
#1 /Users/macbookpro/Local Sites/quickbooking/app/public/wp-settings.php(591): include('/Users/macbookp...')
#2 /Users/macbookpro/Local Sites/quickbooking/app/public/wp-config.php(103): require_once('/Users/macbookp...')
#3 /Users/macbookpro/Local Sites/quickbooking/app/public/wp-load.php(50): require_once('/Users/macbookp...')
#4 /Users/macbookpro/Local Sites/quickbooking/app/public/wp-blog-header.php(13): require_once('/Users/macbookp...')
#5 /Users/macbookpro/Local Sites/quickbooking/app/public/index.php(17): require('/Users/macbookp...')
#6 {main}
  thrown in /Users/macbookpro/Local Sites/quickbooking/app/public/wp-content/plugins/jwt-authentication-for-wp-rest-api/public/class-jwt-auth-public.php on line 67
[28-Jul-2023 04:41:51 UTC] PHP Warning:  include(class-jwt-auth-public.php): Failed to open stream: No such file or directory in /Users/macbookpro/Local Sites/quickbooking/app/public/wp-content/themes/twentytwentytwo/functions.php on line 12
[28-Jul-2023 04:41:51 UTC] PHP Warning:  include(): Failed opening 'class-jwt-auth-public.php' for inclusion (include_path='.:/usr/share/php:/www/wp-content/pear') in /Users/macbookpro/Local Sites/quickbooking/app/public/wp-content/themes/twentytwentytwo/functions.php on line 12
[28-Jul-2023 04:41:51 UTC] PHP Warning:  include(class-jwt-auth-public.php): Failed to open stream: No such file or directory in /Users/macbookpro/Local Sites/quickbooking/app/public/wp-content/themes/twentytwentytwo/functions.php on line 12
[28-Jul-2023 04:41:51 UTC] PHP Warning:  include(): Failed opening 'class-jwt-auth-public.php' for inclusion (include_path='.:/usr/share/php:/www/wp-content/pear') in /Users/macbookpro/Local Sites/quickbooking/app/public/wp-content/themes/twentytwentytwo/functions.php on line 12
[28-Jul-2023 04:43:17 UTC] PHP Warning:  include(wp-content/plugins/jwt-authentication-for-wp-rest-api/public/class-jwt-auth-public.php): Failed to open stream: No such file or directory in /Users/macbookpro/Local Sites/quickbooking/app/public/wp-content/themes/twentytwentytwo/functions.php on line 12
[28-Jul-2023 04:43:17 UTC] PHP Warning:  include(): Failed opening 'wp-content/plugins/jwt-authentication-for-wp-rest-api/public/class-jwt-auth-public.php' for inclusion (include_path='.:/usr/share/php:/www/wp-content/pear') in /Users/macbookpro/Local Sites/quickbooking/app/public/wp-content/themes/twentytwentytwo/functions.php on line 12
[28-Jul-2023 04:43:17 UTC] PHP Fatal error:  Cannot declare class Jwt_Auth_Public, because the name is already in use in /Users/macbookpro/Local Sites/quickbooking/app/public/wp-content/plugins/jwt-authentication-for-wp-rest-api/public/class-jwt-auth-public.php on line 16
[28-Jul-2023 04:43:52 UTC] PHP Warning:  include(wp-content/plugins/jwt-authentication-for-wp-rest-api/public/class-jwt-auth-public.php): Failed to open stream: No such file or directory in /Users/macbookpro/Local Sites/quickbooking/app/public/wp-content/themes/twentytwentytwo/functions.php on line 12
[28-Jul-2023 04:43:52 UTC] PHP Warning:  include(): Failed opening 'wp-content/plugins/jwt-authentication-for-wp-rest-api/public/class-jwt-auth-public.php' for inclusion (include_path='.:/usr/share/php:/www/wp-content/pear') in /Users/macbookpro/Local Sites/quickbooking/app/public/wp-content/themes/twentytwentytwo/functions.php on line 12
[28-Jul-2023 04:44:18 UTC] PHP Warning:  include(wp-content/plugins/jwt-authentication-for-wp-rest-api/public/class-jwt-auth-public.php): Failed to open stream: No such file or directory in /Users/macbookpro/Local Sites/quickbooking/app/public/wp-content/themes/twentytwentytwo/functions.php on line 12
[28-Jul-2023 04:44:18 UTC] PHP Warning:  include(): Failed opening 'wp-content/plugins/jwt-authentication-for-wp-rest-api/public/class-jwt-auth-public.php' for inclusion (include_path='.:/usr/share/php:/www/wp-content/pear') in /Users/macbookpro/Local Sites/quickbooking/app/public/wp-content/themes/twentytwentytwo/functions.php on line 12
[28-Jul-2023 04:44:28 UTC] PHP Warning:  include(../../plugins/jwt-authentication-for-wp-rest-api/public/class-jwt-auth-public.php): Failed to open stream: No such file or directory in /Users/macbookpro/Local Sites/quickbooking/app/public/wp-content/themes/twentytwentytwo/functions.php on line 12
[28-Jul-2023 04:44:28 UTC] PHP Warning:  include(): Failed opening '../../plugins/jwt-authentication-for-wp-rest-api/public/class-jwt-auth-public.php' for inclusion (include_path='.:/usr/share/php:/www/wp-content/pear') in /Users/macbookpro/Local Sites/quickbooking/app/public/wp-content/themes/twentytwentytwo/functions.php on line 12
[28-Jul-2023 04:44:29 UTC] PHP Warning:  include(../../plugins/jwt-authentication-for-wp-rest-api/public/class-jwt-auth-public.php): Failed to open stream: No such file or directory in /Users/macbookpro/Local Sites/quickbooking/app/public/wp-content/themes/twentytwentytwo/functions.php on line 12
[28-Jul-2023 04:44:29 UTC] PHP Warning:  include(): Failed opening '../../plugins/jwt-authentication-for-wp-rest-api/public/class-jwt-auth-public.php' for inclusion (include_path='.:/usr/share/php:/www/wp-content/pear') in /Users/macbookpro/Local Sites/quickbooking/app/public/wp-content/themes/twentytwentytwo/functions.php on line 12
[28-Jul-2023 04:45:12 UTC] PHP Warning:  include(../../plugins/jwt-authentication-for-wp-rest-api/public/class-jwt-auth-public.php): Failed to open stream: No such file or directory in /Users/macbookpro/Local Sites/quickbooking/app/public/wp-content/themes/twentytwentytwo/functions.php on line 12
[28-Jul-2023 04:45:12 UTC] PHP Warning:  include(): Failed opening '../../plugins/jwt-authentication-for-wp-rest-api/public/class-jwt-auth-public.php' for inclusion (include_path='.:/usr/share/php:/www/wp-content/pear') in /Users/macbookpro/Local Sites/quickbooking/app/public/wp-content/themes/twentytwentytwo/functions.php on line 12
[28-Jul-2023 04:45:13 UTC] PHP Warning:  include(../../plugins/jwt-authentication-for-wp-rest-api/public/class-jwt-auth-public.php): Failed to open stream: No such file or directory in /Users/macbookpro/Local Sites/quickbooking/app/public/wp-content/themes/twentytwentytwo/functions.php on line 12
[28-Jul-2023 04:45:13 UTC] PHP Warning:  include(): Failed opening '../../plugins/jwt-authentication-for-wp-rest-api/public/class-jwt-auth-public.php' for inclusion (include_path='.:/usr/share/php:/www/wp-content/pear') in /Users/macbookpro/Local Sites/quickbooking/app/public/wp-content/themes/twentytwentytwo/functions.php on line 12
[28-Jul-2023 04:45:53 UTC] PHP Warning:  include(../../plugins/jwt-authentication-for-wp-rest-api/public/class-jwt-auth-public.php): Failed to open stream: No such file or directory in /Users/macbookpro/Local Sites/quickbooking/app/public/wp-content/themes/twentytwentytwo/functions.php on line 12
[28-Jul-2023 04:45:53 UTC] PHP Warning:  include(): Failed opening '../../plugins/jwt-authentication-for-wp-rest-api/public/class-jwt-auth-public.php' for inclusion (include_path='.:/usr/share/php:/www/wp-content/pear') in /Users/macbookpro/Local Sites/quickbooking/app/public/wp-content/themes/twentytwentytwo/functions.php on line 12
[28-Jul-2023 04:46:14 UTC] PHP Warning:  include(../../plugins/jwt-authentication-for-wp-rest-api/public/class-jwt-auth-public.php): Failed to open stream: No such file or directory in /Users/macbookpro/Local Sites/quickbooking/app/public/wp-content/themes/twentytwentytwo/functions.php on line 12
[28-Jul-2023 04:46:14 UTC] PHP Warning:  include(): Failed opening '../../plugins/jwt-authentication-for-wp-rest-api/public/class-jwt-auth-public.php' for inclusion (include_path='.:/usr/share/php:/www/wp-content/pear') in /Users/macbookpro/Local Sites/quickbooking/app/public/wp-content/themes/twentytwentytwo/functions.php on line 12
[28-Jul-2023 04:48:07 UTC] PHP Fatal error:  Uncaught ArgumentCountError: Too few arguments to function plugin_dir_path(), 0 passed in /Users/macbookpro/Local Sites/quickbooking/app/public/wp-content/themes/twentytwentytwo/functions.php on line 13 and exactly 1 expected in /Users/macbookpro/Local Sites/quickbooking/app/public/wp-includes/plugin.php:834
Stack trace:
#0 /Users/macbookpro/Local Sites/quickbooking/app/public/wp-content/themes/twentytwentytwo/functions.php(13): plugin_dir_path()
#1 /Users/macbookpro/Local Sites/quickbooking/app/public/wp-settings.php(591): include('/Users/macbookp...')
#2 /Users/macbookpro/Local Sites/quickbooking/app/public/wp-config.php(103): require_once('/Users/macbookp...')
#3 /Users/macbookpro/Local Sites/quickbooking/app/public/wp-load.php(50): require_once('/Users/macbookp...')
#4 /Users/macbookpro/Local Sites/quickbooking/app/public/wp-admin/admin.php(34): require_once('/Users/macbookp...')
#5 /Users/macbookpro/Local Sites/quickbooking/app/public/wp-admin/plugin-install.php(16): require_once('/Users/macbookp...')
#6 {main}
  thrown in /Users/macbookpro/Local Sites/quickbooking/app/public/wp-includes/plugin.php on line 834
[28-Jul-2023 04:48:07 UTC] PHP Fatal error:  Uncaught ArgumentCountError: Too few arguments to function plugin_dir_path(), 0 passed in /Users/macbookpro/Local Sites/quickbooking/app/public/wp-content/themes/twentytwentytwo/functions.php on line 13 and exactly 1 expected in /Users/macbookpro/Local Sites/quickbooking/app/public/wp-includes/plugin.php:834
Stack trace:
#0 /Users/macbookpro/Local Sites/quickbooking/app/public/wp-content/themes/twentytwentytwo/functions.php(13): plugin_dir_path()
#1 /Users/macbookpro/Local Sites/quickbooking/app/public/wp-settings.php(591): include('/Users/macbookp...')
#2 /Users/macbookpro/Local Sites/quickbooking/app/public/wp-config.php(103): require_once('/Users/macbookp...')
#3 /Users/macbookpro/Local Sites/quickbooking/app/public/wp-load.php(50): require_once('/Users/macbookp...')
#4 /Users/macbookpro/Local Sites/quickbooking/app/public/wp-blog-header.php(13): require_once('/Users/macbookp...')
#5 /Users/macbookpro/Local Sites/quickbooking/app/public/index.php(17): require('/Users/macbookp...')
#6 {main}
  thrown in /Users/macbookpro/Local Sites/quickbooking/app/public/wp-includes/plugin.php on line 834
[28-Jul-2023 04:51:41 UTC] PHP Warning:  require(/wp-content/plugins/jwt-authentication-for-wp-rest-api/public/class-jwt-auth-public.php): Failed to open stream: No such file or directory in /Users/macbookpro/Local Sites/quickbooking/app/public/wp-content/themes/twentytwentytwo/functions.php on line 13
[28-Jul-2023 04:51:41 UTC] PHP Fatal error:  Uncaught Error: Failed opening required '/wp-content/plugins/jwt-authentication-for-wp-rest-api/public/class-jwt-auth-public.php' (include_path='.:/usr/share/php:/www/wp-content/pear') in /Users/macbookpro/Local Sites/quickbooking/app/public/wp-content/themes/twentytwentytwo/functions.php:13
Stack trace:
#0 /Users/macbookpro/Local Sites/quickbooking/app/public/wp-settings.php(591): include()
#1 /Users/macbookpro/Local Sites/quickbooking/app/public/wp-config.php(103): require_once('/Users/macbookp...')
#2 /Users/macbookpro/Local Sites/quickbooking/app/public/wp-load.php(50): require_once('/Users/macbookp...')
#3 /Users/macbookpro/Local Sites/quickbooking/app/public/wp-admin/admin.php(34): require_once('/Users/macbookp...')
#4 /Users/macbookpro/Local Sites/quickbooking/app/public/wp-admin/plugin-install.php(16): require_once('/Users/macbookp...')
#5 {main}
  thrown in /Users/macbookpro/Local Sites/quickbooking/app/public/wp-content/themes/twentytwentytwo/functions.php on line 13
[28-Jul-2023 04:51:41 UTC] PHP Warning:  require(/wp-content/plugins/jwt-authentication-for-wp-rest-api/public/class-jwt-auth-public.php): Failed to open stream: No such file or directory in /Users/macbookpro/Local Sites/quickbooking/app/public/wp-content/themes/twentytwentytwo/functions.php on line 13
[28-Jul-2023 04:51:41 UTC] PHP Fatal error:  Uncaught Error: Failed opening required '/wp-content/plugins/jwt-authentication-for-wp-rest-api/public/class-jwt-auth-public.php' (include_path='.:/usr/share/php:/www/wp-content/pear') in /Users/macbookpro/Local Sites/quickbooking/app/public/wp-content/themes/twentytwentytwo/functions.php:13
Stack trace:
#0 /Users/macbookpro/Local Sites/quickbooking/app/public/wp-settings.php(591): include()
#1 /Users/macbookpro/Local Sites/quickbooking/app/public/wp-config.php(103): require_once('/Users/macbookp...')
#2 /Users/macbookpro/Local Sites/quickbooking/app/public/wp-load.php(50): require_once('/Users/macbookp...')
#3 /Users/macbookpro/Local Sites/quickbooking/app/public/wp-blog-header.php(13): require_once('/Users/macbookp...')
#4 /Users/macbookpro/Local Sites/quickbooking/app/public/index.php(17): require('/Users/macbookp...')
#5 {main}
  thrown in /Users/macbookpro/Local Sites/quickbooking/app/public/wp-content/themes/twentytwentytwo/functions.php on line 13
[28-Jul-2023 04:51:42 UTC] PHP Warning:  require(/wp-content/plugins/jwt-authentication-for-wp-rest-api/public/class-jwt-auth-public.php): Failed to open stream: No such file or directory in /Users/macbookpro/Local Sites/quickbooking/app/public/wp-content/themes/twentytwentytwo/functions.php on line 13
[28-Jul-2023 04:51:42 UTC] PHP Fatal error:  Uncaught Error: Failed opening required '/wp-content/plugins/jwt-authentication-for-wp-rest-api/public/class-jwt-auth-public.php' (include_path='.:/usr/share/php:/www/wp-content/pear') in /Users/macbookpro/Local Sites/quickbooking/app/public/wp-content/themes/twentytwentytwo/functions.php:13
Stack trace:
#0 /Users/macbookpro/Local Sites/quickbooking/app/public/wp-settings.php(591): include()
#1 /Users/macbookpro/Local Sites/quickbooking/app/public/wp-config.php(103): require_once('/Users/macbookp...')
#2 /Users/macbookpro/Local Sites/quickbooking/app/public/wp-load.php(50): require_once('/Users/macbookp...')
#3 /Users/macbookpro/Local Sites/quickbooking/app/public/wp-admin/admin.php(34): require_once('/Users/macbookp...')
#4 /Users/macbookpro/Local Sites/quickbooking/app/public/wp-admin/plugin-install.php(16): require_once('/Users/macbookp...')
#5 {main}
  thrown in /Users/macbookpro/Local Sites/quickbooking/app/public/wp-content/themes/twentytwentytwo/functions.php on line 13
[28-Jul-2023 04:51:42 UTC] PHP Warning:  require(/wp-content/plugins/jwt-authentication-for-wp-rest-api/public/class-jwt-auth-public.php): Failed to open stream: No such file or directory in /Users/macbookpro/Local Sites/quickbooking/app/public/wp-content/themes/twentytwentytwo/functions.php on line 13
[28-Jul-2023 04:51:42 UTC] PHP Fatal error:  Uncaught Error: Failed opening required '/wp-content/plugins/jwt-authentication-for-wp-rest-api/public/class-jwt-auth-public.php' (include_path='.:/usr/share/php:/www/wp-content/pear') in /Users/macbookpro/Local Sites/quickbooking/app/public/wp-content/themes/twentytwentytwo/functions.php:13
Stack trace:
#0 /Users/macbookpro/Local Sites/quickbooking/app/public/wp-settings.php(591): include()
#1 /Users/macbookpro/Local Sites/quickbooking/app/public/wp-config.php(103): require_once('/Users/macbookp...')
#2 /Users/macbookpro/Local Sites/quickbooking/app/public/wp-load.php(50): require_once('/Users/macbookp...')
#3 /Users/macbookpro/Local Sites/quickbooking/app/public/wp-blog-header.php(13): require_once('/Users/macbookp...')
#4 /Users/macbookpro/Local Sites/quickbooking/app/public/index.php(17): require('/Users/macbookp...')
#5 {main}
  thrown in /Users/macbookpro/Local Sites/quickbooking/app/public/wp-content/themes/twentytwentytwo/functions.php on line 13
[28-Jul-2023 04:51:43 UTC] PHP Warning:  require(/wp-content/plugins/jwt-authentication-for-wp-rest-api/public/class-jwt-auth-public.php): Failed to open stream: No such file or directory in /Users/macbookpro/Local Sites/quickbooking/app/public/wp-content/themes/twentytwentytwo/functions.php on line 13
[28-Jul-2023 04:51:43 UTC] PHP Fatal error:  Uncaught Error: Failed opening required '/wp-content/plugins/jwt-authentication-for-wp-rest-api/public/class-jwt-auth-public.php' (include_path='.:/usr/share/php:/www/wp-content/pear') in /Users/macbookpro/Local Sites/quickbooking/app/public/wp-content/themes/twentytwentytwo/functions.php:13
Stack trace:
#0 /Users/macbookpro/Local Sites/quickbooking/app/public/wp-settings.php(591): include()
#1 /Users/macbookpro/Local Sites/quickbooking/app/public/wp-config.php(103): require_once('/Users/macbookp...')
#2 /Users/macbookpro/Local Sites/quickbooking/app/public/wp-load.php(50): require_once('/Users/macbookp...')
#3 /Users/macbookpro/Local Sites/quickbooking/app/public/wp-admin/admin.php(34): require_once('/Users/macbookp...')
#4 /Users/macbookpro/Local Sites/quickbooking/app/public/wp-admin/plugin-install.php(16): require_once('/Users/macbookp...')
#5 {main}
  thrown in /Users/macbookpro/Local Sites/quickbooking/app/public/wp-content/themes/twentytwentytwo/functions.php on line 13
[28-Jul-2023 04:51:43 UTC] PHP Warning:  require(/wp-content/plugins/jwt-authentication-for-wp-rest-api/public/class-jwt-auth-public.php): Failed to open stream: No such file or directory in /Users/macbookpro/Local Sites/quickbooking/app/public/wp-content/themes/twentytwentytwo/functions.php on line 13
[28-Jul-2023 04:51:43 UTC] PHP Fatal error:  Uncaught Error: Failed opening required '/wp-content/plugins/jwt-authentication-for-wp-rest-api/public/class-jwt-auth-public.php' (include_path='.:/usr/share/php:/www/wp-content/pear') in /Users/macbookpro/Local Sites/quickbooking/app/public/wp-content/themes/twentytwentytwo/functions.php:13
Stack trace:
#0 /Users/macbookpro/Local Sites/quickbooking/app/public/wp-settings.php(591): include()
#1 /Users/macbookpro/Local Sites/quickbooking/app/public/wp-config.php(103): require_once('/Users/macbookp...')
#2 /Users/macbookpro/Local Sites/quickbooking/app/public/wp-load.php(50): require_once('/Users/macbookp...')
#3 /Users/macbookpro/Local Sites/quickbooking/app/public/wp-blog-header.php(13): require_once('/Users/macbookp...')
#4 /Users/macbookpro/Local Sites/quickbooking/app/public/index.php(17): require('/Users/macbookp...')
#5 {main}
  thrown in /Users/macbookpro/Local Sites/quickbooking/app/public/wp-content/themes/twentytwentytwo/functions.php on line 13
[28-Jul-2023 04:54:07 UTC] PHP Warning:  include(/Users/macbookpro/Local Sites/quickbooking/app/public/wp-content/themes/twentytwentytwo/jwt-authentication-for-wp-rest-api/public/class-jwt-auth-public.php): Failed to open stream: No such file or directory in /Users/macbookpro/Local Sites/quickbooking/app/public/wp-content/themes/twentytwentytwo/functions.php on line 17
[28-Jul-2023 04:54:07 UTC] PHP Warning:  include(): Failed opening '/Users/macbookpro/Local Sites/quickbooking/app/public/wp-content/themes/twentytwentytwo/jwt-authentication-for-wp-rest-api/public/class-jwt-auth-public.php' for inclusion (include_path='.:/usr/share/php:/www/wp-content/pear') in /Users/macbookpro/Local Sites/quickbooking/app/public/wp-content/themes/twentytwentytwo/functions.php on line 17
[28-Jul-2023 04:54:07 UTC] PHP Warning:  include(/Users/macbookpro/Local Sites/quickbooking/app/public/wp-content/themes/twentytwentytwo/jwt-authentication-for-wp-rest-api/public/class-jwt-auth-public.php): Failed to open stream: No such file or directory in /Users/macbookpro/Local Sites/quickbooking/app/public/wp-content/themes/twentytwentytwo/functions.php on line 17
[28-Jul-2023 04:54:07 UTC] PHP Warning:  include(): Failed opening '/Users/macbookpro/Local Sites/quickbooking/app/public/wp-content/themes/twentytwentytwo/jwt-authentication-for-wp-rest-api/public/class-jwt-auth-public.php' for inclusion (include_path='.:/usr/share/php:/www/wp-content/pear') in /Users/macbookpro/Local Sites/quickbooking/app/public/wp-content/themes/twentytwentytwo/functions.php on line 17
[28-Jul-2023 04:55:08 UTC] PHP Warning:  include(/Users/macbookpro/Local Sites/quickbooking/app/public/wp-content/themes/twentytwentytwo/jwt-authentication-for-wp-rest-api/public/class-jwt-auth-public.php): Failed to open stream: No such file or directory in /Users/macbookpro/Local Sites/quickbooking/app/public/wp-content/themes/twentytwentytwo/functions.php on line 17
[28-Jul-2023 04:55:08 UTC] PHP Warning:  include(): Failed opening '/Users/macbookpro/Local Sites/quickbooking/app/public/wp-content/themes/twentytwentytwo/jwt-authentication-for-wp-rest-api/public/class-jwt-auth-public.php' for inclusion (include_path='.:/usr/share/php:/www/wp-content/pear') in /Users/macbookpro/Local Sites/quickbooking/app/public/wp-content/themes/twentytwentytwo/functions.php on line 17
[28-Jul-2023 04:56:49 UTC] PHP Parse error:  syntax error, unexpected identifier "add_filter" in /Users/macbookpro/Local Sites/quickbooking/app/public/wp-content/themes/twentytwentytwo/functions.php on line 17
[28-Jul-2023 04:56:50 UTC] PHP Parse error:  syntax error, unexpected identifier "add_filter" in /Users/macbookpro/Local Sites/quickbooking/app/public/wp-content/themes/twentytwentytwo/functions.php on line 17
[28-Jul-2023 04:56:50 UTC] PHP Parse error:  syntax error, unexpected identifier "add_filter" in /Users/macbookpro/Local Sites/quickbooking/app/public/wp-content/themes/twentytwentytwo/functions.php on line 17
[28-Jul-2023 04:56:51 UTC] PHP Parse error:  syntax error, unexpected identifier "add_filter" in /Users/macbookpro/Local Sites/quickbooking/app/public/wp-content/themes/twentytwentytwo/functions.php on line 17
[28-Jul-2023 04:56:51 UTC] PHP Parse error:  syntax error, unexpected identifier "add_filter" in /Users/macbookpro/Local Sites/quickbooking/app/public/wp-content/themes/twentytwentytwo/functions.php on line 17
[28-Jul-2023 04:56:57 UTC] PHP Fatal error:  Cannot declare class Jwt_Auth_Public, because the name is already in use in /Users/macbookpro/Local Sites/quickbooking/app/public/wp-content/themes/twentytwentytwo/inc/class-jwt-auth-public.php on line 16
[28-Jul-2023 04:56:58 UTC] PHP Fatal error:  Cannot declare class Jwt_Auth_Public, because the name is already in use in /Users/macbookpro/Local Sites/quickbooking/app/public/wp-content/themes/twentytwentytwo/inc/class-jwt-auth-public.php on line 16
[28-Jul-2023 05:02:01 UTC] PHP Fatal error:  Uncaught ArgumentCountError: Too few arguments to function Jwt_Auth_Public::__construct(), 0 passed in /Users/macbookpro/Local Sites/quickbooking/app/public/wp-content/themes/twentytwentytwo/functions.php on line 13 and exactly 2 expected in /Users/macbookpro/Local Sites/quickbooking/app/public/wp-content/plugins/jwt-authentication-for-wp-rest-api/public/class-jwt-auth-public.php:67
Stack trace:
#0 /Users/macbookpro/Local Sites/quickbooking/app/public/wp-content/themes/twentytwentytwo/functions.php(13): Jwt_Auth_Public->__construct()
#1 /Users/macbookpro/Local Sites/quickbooking/app/public/wp-settings.php(591): include('/Users/macbookp...')
#2 /Users/macbookpro/Local Sites/quickbooking/app/public/wp-config.php(103): require_once('/Users/macbookp...')
#3 /Users/macbookpro/Local Sites/quickbooking/app/public/wp-load.php(50): require_once('/Users/macbookp...')
#4 /Users/macbookpro/Local Sites/quickbooking/app/public/wp-admin/admin-ajax.php(22): require_once('/Users/macbookp...')
#5 {main}
  thrown in /Users/macbookpro/Local Sites/quickbooking/app/public/wp-content/plugins/jwt-authentication-for-wp-rest-api/public/class-jwt-auth-public.php on line 67
[28-Jul-2023 05:02:02 UTC] PHP Fatal error:  Uncaught ArgumentCountError: Too few arguments to function Jwt_Auth_Public::__construct(), 0 passed in /Users/macbookpro/Local Sites/quickbooking/app/public/wp-content/themes/twentytwentytwo/functions.php on line 13 and exactly 2 expected in /Users/macbookpro/Local Sites/quickbooking/app/public/wp-content/plugins/jwt-authentication-for-wp-rest-api/public/class-jwt-auth-public.php:67
Stack trace:
#0 /Users/macbookpro/Local Sites/quickbooking/app/public/wp-content/themes/twentytwentytwo/functions.php(13): Jwt_Auth_Public->__construct()
#1 /Users/macbookpro/Local Sites/quickbooking/app/public/wp-settings.php(591): include('/Users/macbookp...')
#2 /Users/macbookpro/Local Sites/quickbooking/app/public/wp-config.php(103): require_once('/Users/macbookp...')
#3 /Users/macbookpro/Local Sites/quickbooking/app/public/wp-load.php(50): require_once('/Users/macbookp...')
#4 /Users/macbookpro/Local Sites/quickbooking/app/public/wp-admin/admin.php(34): require_once('/Users/macbookp...')
#5 /Users/macbookpro/Local Sites/quickbooking/app/public/wp-admin/plugin-install.php(16): require_once('/Users/macbookp...')
#6 {main}
  thrown in /Users/macbookpro/Local Sites/quickbooking/app/public/wp-content/plugins/jwt-authentication-for-wp-rest-api/public/class-jwt-auth-public.php on line 67
[28-Jul-2023 05:02:02 UTC] PHP Fatal error:  Uncaught ArgumentCountError: Too few arguments to function Jwt_Auth_Public::__construct(), 0 passed in /Users/macbookpro/Local Sites/quickbooking/app/public/wp-content/themes/twentytwentytwo/functions.php on line 13 and exactly 2 expected in /Users/macbookpro/Local Sites/quickbooking/app/public/wp-content/plugins/jwt-authentication-for-wp-rest-api/public/class-jwt-auth-public.php:67
Stack trace:
#0 /Users/macbookpro/Local Sites/quickbooking/app/public/wp-content/themes/twentytwentytwo/functions.php(13): Jwt_Auth_Public->__construct()
#1 /Users/macbookpro/Local Sites/quickbooking/app/public/wp-settings.php(591): include('/Users/macbookp...')
#2 /Users/macbookpro/Local Sites/quickbooking/app/public/wp-config.php(103): require_once('/Users/macbookp...')
#3 /Users/macbookpro/Local Sites/quickbooking/app/public/wp-load.php(50): require_once('/Users/macbookp...')
#4 /Users/macbookpro/Local Sites/quickbooking/app/public/wp-blog-header.php(13): require_once('/Users/macbookp...')
#5 /Users/macbookpro/Local Sites/quickbooking/app/public/index.php(17): require('/Users/macbookp...')
#6 {main}
  thrown in /Users/macbookpro/Local Sites/quickbooking/app/public/wp-content/plugins/jwt-authentication-for-wp-rest-api/public/class-jwt-auth-public.php on line 67
[28-Jul-2023 05:02:35 UTC] PHP Fatal error:  Uncaught ArgumentCountError: Too few arguments to function Jwt_Auth_Public::__construct(), 0 passed in /Users/macbookpro/Local Sites/quickbooking/app/public/wp-content/themes/twentytwentytwo/functions.php on line 13 and exactly 2 expected in /Users/macbookpro/Local Sites/quickbooking/app/public/wp-content/plugins/jwt-authentication-for-wp-rest-api/public/class-jwt-auth-public.php:67
Stack trace:
#0 /Users/macbookpro/Local Sites/quickbooking/app/public/wp-content/themes/twentytwentytwo/functions.php(13): Jwt_Auth_Public->__construct()
#1 /Users/macbookpro/Local Sites/quickbooking/app/public/wp-settings.php(591): include('/Users/macbookp...')
#2 /Users/macbookpro/Local Sites/quickbooking/app/public/wp-config.php(103): require_once('/Users/macbookp...')
#3 /Users/macbookpro/Local Sites/quickbooking/app/public/wp-load.php(50): require_once('/Users/macbookp...')
#4 /Users/macbookpro/Local Sites/quickbooking/app/public/wp-admin/admin-ajax.php(22): require_once('/Users/macbookp...')
#5 {main}
  thrown in /Users/macbookpro/Local Sites/quickbooking/app/public/wp-content/plugins/jwt-authentication-for-wp-rest-api/public/class-jwt-auth-public.php on line 67
[28-Jul-2023 05:22:50 UTC] PHP Warning:  Undefined variable $jwtclass in /Users/macbookpro/Local Sites/quickbooking/app/public/wp-content/themes/twentytwentytwo/functions.php on line 27
[28-Jul-2023 05:22:50 UTC] PHP Fatal error:  Uncaught Error: Call to a member function validate_token() on null in /Users/macbookpro/Local Sites/quickbooking/app/public/wp-content/themes/twentytwentytwo/functions.php:27
Stack trace:
#0 /Users/macbookpro/Local Sites/quickbooking/app/public/wp-includes/class-wp-hook.php(308): custom_rest_api_authorization(NULL)
#1 /Users/macbookpro/Local Sites/quickbooking/app/public/wp-includes/plugin.php(205): WP_Hook->apply_filters(NULL, Array)
#2 /Users/macbookpro/Local Sites/quickbooking/app/public/wp-includes/rest-api/class-wp-rest-server.php(189): apply_filters('rest_authentica...', NULL)
#3 /Users/macbookpro/Local Sites/quickbooking/app/public/wp-includes/rest-api/class-wp-rest-server.php(439): WP_REST_Server->check_authentication()
#4 /Users/macbookpro/Local Sites/quickbooking/app/public/wp-includes/rest-api.php(410): WP_REST_Server->serve_request('/wp/v2/users/1')
#5 /Users/macbookpro/Local Sites/quickbooking/app/public/wp-includes/class-wp-hook.php(308): rest_api_loaded(Object(WP))
#6 /Users/macbookpro/Local Sites/quickbooking/app/public/wp-includes/class-wp-hook.php(332): WP_Hook->apply_filters('', Array)
#7 /Users/macbookpro/Local Sites/quickbooking/app/public/wp-includes/plugin.php(565): WP_Hook->do_action(Array)
#8 /Users/macbookpro/Local Sites/quickbooking/app/public/wp-includes/class-wp.php(399): do_action_ref_array('parse_request', Array)
#9 /Users/macbookpro/Local Sites/quickbooking/app/public/wp-includes/class-wp.php(780): WP->parse_request('')
#10 /Users/macbookpro/Local Sites/quickbooking/app/public/wp-includes/functions.php(1334): WP->main('')
#11 /Users/macbookpro/Local Sites/quickbooking/app/public/wp-blog-header.php(16): wp()
#12 /Users/macbookpro/Local Sites/quickbooking/app/public/index.php(17): require('/Users/macbookp...')
#13 {main}
  thrown in /Users/macbookpro/Local Sites/quickbooking/app/public/wp-content/themes/twentytwentytwo/functions.php on line 27
[28-Jul-2023 06:02:48 UTC] PHP Warning:  Cannot modify header information - headers already sent by (output started at /Users/macbookpro/Local Sites/quickbooking/app/public/wp-content/themes/twentytwentytwo/functions.php:36) in /Users/macbookpro/Local Sites/quickbooking/app/public/wp-includes/rest-api/class-wp-rest-server.php on line 1762
[28-Jul-2023 06:04:51 UTC] PHP Fatal error:  Uncaught Error: Cannot use object of type WP_Error as array in /Users/macbookpro/Local Sites/quickbooking/app/public/wp-content/themes/twentytwentytwo/functions.php:37
Stack trace:
#0 /Users/macbookpro/Local Sites/quickbooking/app/public/wp-includes/class-wp-hook.php(308): custom_rest_api_authorization(NULL)
#1 /Users/macbookpro/Local Sites/quickbooking/app/public/wp-includes/plugin.php(205): WP_Hook->apply_filters(NULL, Array)
#2 /Users/macbookpro/Local Sites/quickbooking/app/public/wp-includes/rest-api/class-wp-rest-server.php(189): apply_filters('rest_authentica...', NULL)
#3 /Users/macbookpro/Local Sites/quickbooking/app/public/wp-includes/rest-api/class-wp-rest-server.php(439): WP_REST_Server->check_authentication()
#4 /Users/macbookpro/Local Sites/quickbooking/app/public/wp-includes/rest-api.php(410): WP_REST_Server->serve_request('/jwt-auth/v1/to...')
#5 /Users/macbookpro/Local Sites/quickbooking/app/public/wp-includes/class-wp-hook.php(308): rest_api_loaded(Object(WP))
#6 /Users/macbookpro/Local Sites/quickbooking/app/public/wp-includes/class-wp-hook.php(332): WP_Hook->apply_filters('', Array)
#7 /Users/macbookpro/Local Sites/quickbooking/app/public/wp-includes/plugin.php(565): WP_Hook->do_action(Array)
#8 /Users/macbookpro/Local Sites/quickbooking/app/public/wp-includes/class-wp.php(399): do_action_ref_array('parse_request', Array)
#9 /Users/macbookpro/Local Sites/quickbooking/app/public/wp-includes/class-wp.php(780): WP->parse_request('')
#10 /Users/macbookpro/Local Sites/quickbooking/app/public/wp-includes/functions.php(1334): WP->main('')
#11 /Users/macbookpro/Local Sites/quickbooking/app/public/wp-blog-header.php(16): wp()
#12 /Users/macbookpro/Local Sites/quickbooking/app/public/index.php(17): require('/Users/macbookp...')
#13 {main}
  thrown in /Users/macbookpro/Local Sites/quickbooking/app/public/wp-content/themes/twentytwentytwo/functions.php on line 37
[28-Jul-2023 06:04:51 UTC] PHP Fatal error:  Uncaught Error: Cannot use object of type WP_Error as array in /Users/macbookpro/Local Sites/quickbooking/app/public/wp-content/themes/twentytwentytwo/functions.php:37
Stack trace:
#0 /Users/macbookpro/Local Sites/quickbooking/app/public/wp-includes/class-wp-hook.php(308): custom_rest_api_authorization(NULL)
#1 /Users/macbookpro/Local Sites/quickbooking/app/public/wp-includes/plugin.php(205): WP_Hook->apply_filters(NULL, Array)
#2 /Users/macbookpro/Local Sites/quickbooking/app/public/wp-includes/rest-api/class-wp-rest-server.php(189): apply_filters('rest_authentica...', NULL)
#3 /Users/macbookpro/Local Sites/quickbooking/app/public/wp-includes/rest-api/class-wp-rest-server.php(439): WP_REST_Server->check_authentication()
#4 /Users/macbookpro/Local Sites/quickbooking/app/public/wp-includes/rest-api.php(410): WP_REST_Server->serve_request('/jwt-auth/v1/to...')
#5 /Users/macbookpro/Local Sites/quickbooking/app/public/wp-includes/class-wp-hook.php(308): rest_api_loaded(Object(WP))
#6 /Users/macbookpro/Local Sites/quickbooking/app/public/wp-includes/class-wp-hook.php(332): WP_Hook->apply_filters('', Array)
#7 /Users/macbookpro/Local Sites/quickbooking/app/public/wp-includes/plugin.php(565): WP_Hook->do_action(Array)
#8 /Users/macbookpro/Local Sites/quickbooking/app/public/wp-includes/class-wp.php(399): do_action_ref_array('parse_request', Array)
#9 /Users/macbookpro/Local Sites/quickbooking/app/public/wp-includes/class-wp.php(780): WP->parse_request('')
#10 /Users/macbookpro/Local Sites/quickbooking/app/public/wp-includes/functions.php(1334): WP->main('')
#11 /Users/macbookpro/Local Sites/quickbooking/app/public/wp-blog-header.php(16): wp()
#12 /Users/macbookpro/Local Sites/quickbooking/app/public/index.php(17): require('/Users/macbookp...')
#13 {main}
  thrown in /Users/macbookpro/Local Sites/quickbooking/app/public/wp-content/themes/twentytwentytwo/functions.php on line 37
[28-Jul-2023 06:04:56 UTC] PHP Fatal error:  Uncaught Error: Cannot use object of type WP_Error as array in /Users/macbookpro/Local Sites/quickbooking/app/public/wp-content/themes/twentytwentytwo/functions.php:37
Stack trace:
#0 /Users/macbookpro/Local Sites/quickbooking/app/public/wp-includes/class-wp-hook.php(308): custom_rest_api_authorization(NULL)
#1 /Users/macbookpro/Local Sites/quickbooking/app/public/wp-includes/plugin.php(205): WP_Hook->apply_filters(NULL, Array)
#2 /Users/macbookpro/Local Sites/quickbooking/app/public/wp-includes/rest-api/class-wp-rest-server.php(189): apply_filters('rest_authentica...', NULL)
#3 /Users/macbookpro/Local Sites/quickbooking/app/public/wp-includes/rest-api/class-wp-rest-server.php(439): WP_REST_Server->check_authentication()
#4 /Users/macbookpro/Local Sites/quickbooking/app/public/wp-includes/rest-api.php(410): WP_REST_Server->serve_request('/jwt-auth/v1/to...')
#5 /Users/macbookpro/Local Sites/quickbooking/app/public/wp-includes/class-wp-hook.php(308): rest_api_loaded(Object(WP))
#6 /Users/macbookpro/Local Sites/quickbooking/app/public/wp-includes/class-wp-hook.php(332): WP_Hook->apply_filters('', Array)
#7 /Users/macbookpro/Local Sites/quickbooking/app/public/wp-includes/plugin.php(565): WP_Hook->do_action(Array)
#8 /Users/macbookpro/Local Sites/quickbooking/app/public/wp-includes/class-wp.php(399): do_action_ref_array('parse_request', Array)
#9 /Users/macbookpro/Local Sites/quickbooking/app/public/wp-includes/class-wp.php(780): WP->parse_request('')
#10 /Users/macbookpro/Local Sites/quickbooking/app/public/wp-includes/functions.php(1334): WP->main('')
#11 /Users/macbookpro/Local Sites/quickbooking/app/public/wp-blog-header.php(16): wp()
#12 /Users/macbookpro/Local Sites/quickbooking/app/public/index.php(17): require('/Users/macbookp...')
#13 {main}
  thrown in /Users/macbookpro/Local Sites/quickbooking/app/public/wp-content/themes/twentytwentytwo/functions.php on line 37
[28-Jul-2023 06:04:56 UTC] PHP Fatal error:  Uncaught Error: Cannot use object of type WP_Error as array in /Users/macbookpro/Local Sites/quickbooking/app/public/wp-content/themes/twentytwentytwo/functions.php:37
Stack trace:
#0 /Users/macbookpro/Local Sites/quickbooking/app/public/wp-includes/class-wp-hook.php(308): custom_rest_api_authorization(NULL)
#1 /Users/macbookpro/Local Sites/quickbooking/app/public/wp-includes/plugin.php(205): WP_Hook->apply_filters(NULL, Array)
#2 /Users/macbookpro/Local Sites/quickbooking/app/public/wp-includes/rest-api/class-wp-rest-server.php(189): apply_filters('rest_authentica...', NULL)
#3 /Users/macbookpro/Local Sites/quickbooking/app/public/wp-includes/rest-api/class-wp-rest-server.php(439): WP_REST_Server->check_authentication()
#4 /Users/macbookpro/Local Sites/quickbooking/app/public/wp-includes/rest-api.php(410): WP_REST_Server->serve_request('/jwt-auth/v1/to...')
#5 /Users/macbookpro/Local Sites/quickbooking/app/public/wp-includes/class-wp-hook.php(308): rest_api_loaded(Object(WP))
#6 /Users/macbookpro/Local Sites/quickbooking/app/public/wp-includes/class-wp-hook.php(332): WP_Hook->apply_filters('', Array)
#7 /Users/macbookpro/Local Sites/quickbooking/app/public/wp-includes/plugin.php(565): WP_Hook->do_action(Array)
#8 /Users/macbookpro/Local Sites/quickbooking/app/public/wp-includes/class-wp.php(399): do_action_ref_array('parse_request', Array)
#9 /Users/macbookpro/Local Sites/quickbooking/app/public/wp-includes/class-wp.php(780): WP->parse_request('')
#10 /Users/macbookpro/Local Sites/quickbooking/app/public/wp-includes/functions.php(1334): WP->main('')
#11 /Users/macbookpro/Local Sites/quickbooking/app/public/wp-blog-header.php(16): wp()
#12 /Users/macbookpro/Local Sites/quickbooking/app/public/index.php(17): require('/Users/macbookp...')
#13 {main}
  thrown in /Users/macbookpro/Local Sites/quickbooking/app/public/wp-content/themes/twentytwentytwo/functions.php on line 37
[28-Jul-2023 06:05:01 UTC] PHP Fatal error:  Uncaught Error: Cannot use object of type WP_Error as array in /Users/macbookpro/Local Sites/quickbooking/app/public/wp-content/themes/twentytwentytwo/functions.php:37
Stack trace:
#0 /Users/macbookpro/Local Sites/quickbooking/app/public/wp-includes/class-wp-hook.php(308): custom_rest_api_authorization(NULL)
#1 /Users/macbookpro/Local Sites/quickbooking/app/public/wp-includes/plugin.php(205): WP_Hook->apply_filters(NULL, Array)
#2 /Users/macbookpro/Local Sites/quickbooking/app/public/wp-includes/rest-api/class-wp-rest-server.php(189): apply_filters('rest_authentica...', NULL)
#3 /Users/macbookpro/Local Sites/quickbooking/app/public/wp-includes/rest-api/class-wp-rest-server.php(439): WP_REST_Server->check_authentication()
#4 /Users/macbookpro/Local Sites/quickbooking/app/public/wp-includes/rest-api.php(410): WP_REST_Server->serve_request('/jwt-auth/v1/to...')
#5 /Users/macbookpro/Local Sites/quickbooking/app/public/wp-includes/class-wp-hook.php(308): rest_api_loaded(Object(WP))
#6 /Users/macbookpro/Local Sites/quickbooking/app/public/wp-includes/class-wp-hook.php(332): WP_Hook->apply_filters('', Array)
#7 /Users/macbookpro/Local Sites/quickbooking/app/public/wp-includes/plugin.php(565): WP_Hook->do_action(Array)
#8 /Users/macbookpro/Local Sites/quickbooking/app/public/wp-includes/class-wp.php(399): do_action_ref_array('parse_request', Array)
#9 /Users/macbookpro/Local Sites/quickbooking/app/public/wp-includes/class-wp.php(780): WP->parse_request('')
#10 /Users/macbookpro/Local Sites/quickbooking/app/public/wp-includes/functions.php(1334): WP->main('')
#11 /Users/macbookpro/Local Sites/quickbooking/app/public/wp-blog-header.php(16): wp()
#12 /Users/macbookpro/Local Sites/quickbooking/app/public/index.php(17): require('/Users/macbookp...')
#13 {main}
  thrown in /Users/macbookpro/Local Sites/quickbooking/app/public/wp-content/themes/twentytwentytwo/functions.php on line 37
[28-Jul-2023 06:05:01 UTC] PHP Fatal error:  Uncaught Error: Cannot use object of type WP_Error as array in /Users/macbookpro/Local Sites/quickbooking/app/public/wp-content/themes/twentytwentytwo/functions.php:37
Stack trace:
#0 /Users/macbookpro/Local Sites/quickbooking/app/public/wp-includes/class-wp-hook.php(308): custom_rest_api_authorization(NULL)
#1 /Users/macbookpro/Local Sites/quickbooking/app/public/wp-includes/plugin.php(205): WP_Hook->apply_filters(NULL, Array)
#2 /Users/macbookpro/Local Sites/quickbooking/app/public/wp-includes/rest-api/class-wp-rest-server.php(189): apply_filters('rest_authentica...', NULL)
#3 /Users/macbookpro/Local Sites/quickbooking/app/public/wp-includes/rest-api/class-wp-rest-server.php(439): WP_REST_Server->check_authentication()
#4 /Users/macbookpro/Local Sites/quickbooking/app/public/wp-includes/rest-api.php(410): WP_REST_Server->serve_request('/jwt-auth/v1/to...')
#5 /Users/macbookpro/Local Sites/quickbooking/app/public/wp-includes/class-wp-hook.php(308): rest_api_loaded(Object(WP))
#6 /Users/macbookpro/Local Sites/quickbooking/app/public/wp-includes/class-wp-hook.php(332): WP_Hook->apply_filters('', Array)
#7 /Users/macbookpro/Local Sites/quickbooking/app/public/wp-includes/plugin.php(565): WP_Hook->do_action(Array)
#8 /Users/macbookpro/Local Sites/quickbooking/app/public/wp-includes/class-wp.php(399): do_action_ref_array('parse_request', Array)
#9 /Users/macbookpro/Local Sites/quickbooking/app/public/wp-includes/class-wp.php(780): WP->parse_request('')
#10 /Users/macbookpro/Local Sites/quickbooking/app/public/wp-includes/functions.php(1334): WP->main('')
#11 /Users/macbookpro/Local Sites/quickbooking/app/public/wp-blog-header.php(16): wp()
#12 /Users/macbookpro/Local Sites/quickbooking/app/public/index.php(17): require('/Users/macbookp...')
#13 {main}
  thrown in /Users/macbookpro/Local Sites/quickbooking/app/public/wp-content/themes/twentytwentytwo/functions.php on line 37
[28-Jul-2023 06:05:06 UTC] PHP Fatal error:  Uncaught Error: Cannot use object of type WP_Error as array in /Users/macbookpro/Local Sites/quickbooking/app/public/wp-content/themes/twentytwentytwo/functions.php:37
Stack trace:
#0 /Users/macbookpro/Local Sites/quickbooking/app/public/wp-includes/class-wp-hook.php(308): custom_rest_api_authorization(NULL)
#1 /Users/macbookpro/Local Sites/quickbooking/app/public/wp-includes/plugin.php(205): WP_Hook->apply_filters(NULL, Array)
#2 /Users/macbookpro/Local Sites/quickbooking/app/public/wp-includes/rest-api/class-wp-rest-server.php(189): apply_filters('rest_authentica...', NULL)
#3 /Users/macbookpro/Local Sites/quickbooking/app/public/wp-includes/rest-api/class-wp-rest-server.php(439): WP_REST_Server->check_authentication()
#4 /Users/macbookpro/Local Sites/quickbooking/app/public/wp-includes/rest-api.php(410): WP_REST_Server->serve_request('/jwt-auth/v1/to...')
#5 /Users/macbookpro/Local Sites/quickbooking/app/public/wp-includes/class-wp-hook.php(308): rest_api_loaded(Object(WP))
#6 /Users/macbookpro/Local Sites/quickbooking/app/public/wp-includes/class-wp-hook.php(332): WP_Hook->apply_filters('', Array)
#7 /Users/macbookpro/Local Sites/quickbooking/app/public/wp-includes/plugin.php(565): WP_Hook->do_action(Array)
#8 /Users/macbookpro/Local Sites/quickbooking/app/public/wp-includes/class-wp.php(399): do_action_ref_array('parse_request', Array)
#9 /Users/macbookpro/Local Sites/quickbooking/app/public/wp-includes/class-wp.php(780): WP->parse_request('')
#10 /Users/macbookpro/Local Sites/quickbooking/app/public/wp-includes/functions.php(1334): WP->main('')
#11 /Users/macbookpro/Local Sites/quickbooking/app/public/wp-blog-header.php(16): wp()
#12 /Users/macbookpro/Local Sites/quickbooking/app/public/index.php(17): require('/Users/macbookp...')
#13 {main}
  thrown in /Users/macbookpro/Local Sites/quickbooking/app/public/wp-content/themes/twentytwentytwo/functions.php on line 37
[28-Jul-2023 06:05:06 UTC] PHP Fatal error:  Uncaught Error: Cannot use object of type WP_Error as array in /Users/macbookpro/Local Sites/quickbooking/app/public/wp-content/themes/twentytwentytwo/functions.php:37
Stack trace:
#0 /Users/macbookpro/Local Sites/quickbooking/app/public/wp-includes/class-wp-hook.php(308): custom_rest_api_authorization(NULL)
#1 /Users/macbookpro/Local Sites/quickbooking/app/public/wp-includes/plugin.php(205): WP_Hook->apply_filters(NULL, Array)
#2 /Users/macbookpro/Local Sites/quickbooking/app/public/wp-includes/rest-api/class-wp-rest-server.php(189): apply_filters('rest_authentica...', NULL)
#3 /Users/macbookpro/Local Sites/quickbooking/app/public/wp-includes/rest-api/class-wp-rest-server.php(439): WP_REST_Server->check_authentication()
#4 /Users/macbookpro/Local Sites/quickbooking/app/public/wp-includes/rest-api.php(410): WP_REST_Server->serve_request('/jwt-auth/v1/to...')
#5 /Users/macbookpro/Local Sites/quickbooking/app/public/wp-includes/class-wp-hook.php(308): rest_api_loaded(Object(WP))
#6 /Users/macbookpro/Local Sites/quickbooking/app/public/wp-includes/class-wp-hook.php(332): WP_Hook->apply_filters('', Array)
#7 /Users/macbookpro/Local Sites/quickbooking/app/public/wp-includes/plugin.php(565): WP_Hook->do_action(Array)
#8 /Users/macbookpro/Local Sites/quickbooking/app/public/wp-includes/class-wp.php(399): do_action_ref_array('parse_request', Array)
#9 /Users/macbookpro/Local Sites/quickbooking/app/public/wp-includes/class-wp.php(780): WP->parse_request('')
#10 /Users/macbookpro/Local Sites/quickbooking/app/public/wp-includes/functions.php(1334): WP->main('')
#11 /Users/macbookpro/Local Sites/quickbooking/app/public/wp-blog-header.php(16): wp()
#12 /Users/macbookpro/Local Sites/quickbooking/app/public/index.php(17): require('/Users/macbookp...')
#13 {main}
  thrown in /Users/macbookpro/Local Sites/quickbooking/app/public/wp-content/themes/twentytwentytwo/functions.php on line 37
[28-Jul-2023 06:05:11 UTC] PHP Fatal error:  Uncaught Error: Cannot use object of type WP_Error as array in /Users/macbookpro/Local Sites/quickbooking/app/public/wp-content/themes/twentytwentytwo/functions.php:37
Stack trace:
#0 /Users/macbookpro/Local Sites/quickbooking/app/public/wp-includes/class-wp-hook.php(308): custom_rest_api_authorization(NULL)
#1 /Users/macbookpro/Local Sites/quickbooking/app/public/wp-includes/plugin.php(205): WP_Hook->apply_filters(NULL, Array)
#2 /Users/macbookpro/Local Sites/quickbooking/app/public/wp-includes/rest-api/class-wp-rest-server.php(189): apply_filters('rest_authentica...', NULL)
#3 /Users/macbookpro/Local Sites/quickbooking/app/public/wp-includes/rest-api/class-wp-rest-server.php(439): WP_REST_Server->check_authentication()
#4 /Users/macbookpro/Local Sites/quickbooking/app/public/wp-includes/rest-api.php(410): WP_REST_Server->serve_request('/jwt-auth/v1/to...')
#5 /Users/macbookpro/Local Sites/quickbooking/app/public/wp-includes/class-wp-hook.php(308): rest_api_loaded(Object(WP))
#6 /Users/macbookpro/Local Sites/quickbooking/app/public/wp-includes/class-wp-hook.php(332): WP_Hook->apply_filters('', Array)
#7 /Users/macbookpro/Local Sites/quickbooking/app/public/wp-includes/plugin.php(565): WP_Hook->do_action(Array)
#8 /Users/macbookpro/Local Sites/quickbooking/app/public/wp-includes/class-wp.php(399): do_action_ref_array('parse_request', Array)
#9 /Users/macbookpro/Local Sites/quickbooking/app/public/wp-includes/class-wp.php(780): WP->parse_request('')
#10 /Users/macbookpro/Local Sites/quickbooking/app/public/wp-includes/functions.php(1334): WP->main('')
#11 /Users/macbookpro/Local Sites/quickbooking/app/public/wp-blog-header.php(16): wp()
#12 /Users/macbookpro/Local Sites/quickbooking/app/public/index.php(17): require('/Users/macbookp...')
#13 {main}
  thrown in /Users/macbookpro/Local Sites/quickbooking/app/public/wp-content/themes/twentytwentytwo/functions.php on line 37
[28-Jul-2023 06:05:11 UTC] PHP Fatal error:  Uncaught Error: Cannot use object of type WP_Error as array in /Users/macbookpro/Local Sites/quickbooking/app/public/wp-content/themes/twentytwentytwo/functions.php:37
Stack trace:
#0 /Users/macbookpro/Local Sites/quickbooking/app/public/wp-includes/class-wp-hook.php(308): custom_rest_api_authorization(NULL)
#1 /Users/macbookpro/Local Sites/quickbooking/app/public/wp-includes/plugin.php(205): WP_Hook->apply_filters(NULL, Array)
#2 /Users/macbookpro/Local Sites/quickbooking/app/public/wp-includes/rest-api/class-wp-rest-server.php(189): apply_filters('rest_authentica...', NULL)
#3 /Users/macbookpro/Local Sites/quickbooking/app/public/wp-includes/rest-api/class-wp-rest-server.php(439): WP_REST_Server->check_authentication()
#4 /Users/macbookpro/Local Sites/quickbooking/app/public/wp-includes/rest-api.php(410): WP_REST_Server->serve_request('/jwt-auth/v1/to...')
#5 /Users/macbookpro/Local Sites/quickbooking/app/public/wp-includes/class-wp-hook.php(308): rest_api_loaded(Object(WP))
#6 /Users/macbookpro/Local Sites/quickbooking/app/public/wp-includes/class-wp-hook.php(332): WP_Hook->apply_filters('', Array)
#7 /Users/macbookpro/Local Sites/quickbooking/app/public/wp-includes/plugin.php(565): WP_Hook->do_action(Array)
#8 /Users/macbookpro/Local Sites/quickbooking/app/public/wp-includes/class-wp.php(399): do_action_ref_array('parse_request', Array)
#9 /Users/macbookpro/Local Sites/quickbooking/app/public/wp-includes/class-wp.php(780): WP->parse_request('')
#10 /Users/macbookpro/Local Sites/quickbooking/app/public/wp-includes/functions.php(1334): WP->main('')
#11 /Users/macbookpro/Local Sites/quickbooking/app/public/wp-blog-header.php(16): wp()
#12 /Users/macbookpro/Local Sites/quickbooking/app/public/index.php(17): require('/Users/macbookp...')
#13 {main}
  thrown in /Users/macbookpro/Local Sites/quickbooking/app/public/wp-content/themes/twentytwentytwo/functions.php on line 37
[28-Jul-2023 06:48:47 UTC] PHP Fatal error:  Uncaught ArgumentCountError: explode() expects at least 2 arguments, 1 given in /Users/macbookpro/Local Sites/quickbooking/app/public/wp-content/themes/twentytwentytwo/functions.php:25
Stack trace:
#0 /Users/macbookpro/Local Sites/quickbooking/app/public/wp-content/themes/twentytwentytwo/functions.php(25): explode('/wp-json/wp/v2/...')
#1 /Users/macbookpro/Local Sites/quickbooking/app/public/wp-includes/class-wp-hook.php(308): custom_rest_api_authorization(NULL)
#2 /Users/macbookpro/Local Sites/quickbooking/app/public/wp-includes/plugin.php(205): WP_Hook->apply_filters(NULL, Array)
#3 /Users/macbookpro/Local Sites/quickbooking/app/public/wp-includes/rest-api/class-wp-rest-server.php(189): apply_filters('rest_authentica...', NULL)
#4 /Users/macbookpro/Local Sites/quickbooking/app/public/wp-includes/rest-api/class-wp-rest-server.php(439): WP_REST_Server->check_authentication()
#5 /Users/macbookpro/Local Sites/quickbooking/app/public/wp-includes/rest-api.php(410): WP_REST_Server->serve_request('/wp/v2/users/2')
#6 /Users/macbookpro/Local Sites/quickbooking/app/public/wp-includes/class-wp-hook.php(308): rest_api_loaded(Object(WP))
#7 /Users/macbookpro/Local Sites/quickbooking/app/public/wp-includes/class-wp-hook.php(332): WP_Hook->apply_filters('', Array)
#8 /Users/macbookpro/Local Sites/quickbooking/app/public/wp-includes/plugin.php(565): WP_Hook->do_action(Array)
#9 /Users/macbookpro/Local Sites/quickbooking/app/public/wp-includes/class-wp.php(399): do_action_ref_array('parse_request', Array)
#10 /Users/macbookpro/Local Sites/quickbooking/app/public/wp-includes/class-wp.php(780): WP->parse_request('')
#11 /Users/macbookpro/Local Sites/quickbooking/app/public/wp-includes/functions.php(1334): WP->main('')
#12 /Users/macbookpro/Local Sites/quickbooking/app/public/wp-blog-header.php(16): wp()
#13 /Users/macbookpro/Local Sites/quickbooking/app/public/index.php(17): require('/Users/macbookp...')
#14 {main}
  thrown in /Users/macbookpro/Local Sites/quickbooking/app/public/wp-content/themes/twentytwentytwo/functions.php on line 25
[28-Jul-2023 07:04:20 UTC] PHP Parse error:  syntax error, unexpected token "if" in /Users/macbookpro/Local Sites/quickbooking/app/public/wp-content/themes/twentytwentytwo/functions.php on line 29
